<?xml version="1.0" encoding="UTF-8"?>
<!-- Generated by org.testng.reporters.JUnitXMLReporter -->
<testsuite ignored="0" hostname="DESKTOP-2P2K9S1" failures="1" tests="1" name="LoanDepartment(failed)" time="0.09" errors="0" timestamp="2024-09-03T17:00:44 IST">
  <testcase classname="automationPractice.TestngConcept" name="loginUser" time="0.023">
    <failure type="java.lang.AssertionError" message="expected [true] but found [false]">
      <![CDATA[java.lang.AssertionError: expected [true] but found [false]
at automationPractice.TestngConcept.loginUser(TestngConcept.java:12)
at java.base/java.util.ArrayList.forEach(ArrayList.java:1597)
... Removed 29 stack frames]]>
    </failure>
  </testcase> <!-- loginUser -->
</testsuite> <!-- LoanDepartment(failed) -->
