<?xml version="1.0" encoding="UTF-8"?>
<!-- Generated by org.testng.reporters.JUnitXMLReporter -->
<testsuite ignored="0" hostname="DESKTOP-2P2K9S1" failures="1" tests="1" name="Login Test" time="0.595" errors="0" timestamp="2024-08-24T16:01:38 IST">
  <testcase classname="extent_professional.LoginTest1" name="login1" time="0.016">
    <failure type="java.lang.AssertionError" message="expected [true] but found [false]">
      <![CDATA[java.lang.AssertionError: expected [true] but found [false]
at extent_professional.LoginTest1.login1(LoginTest1.java:36)
at java.base/java.util.ArrayList.forEach(ArrayList.java:1597)
... Removed 29 stack frames]]>
    </failure>
  </testcase> <!-- login1 -->
</testsuite> <!-- Login Test -->
