<?xml version="1.0" encoding="UTF-8"?>
<!-- Generated by org.testng.reporters.JUnitXMLReporter -->
<testsuite ignored="0" hostname="DESKTOP-2P2K9S1" failures="0" tests="3" name="Test1" time="17.593" errors="0" timestamp="2024-09-04T19:38:46 IST">
  <testcase classname="testngCodestudio.ParallelTestDemo" name="verifyLogo" time="6.475"/>
  <testcase classname="testngCodestudio.ParallelTestDemo" name="verifyTitle" time="4.372"/>
  <testcase classname="testngCodestudio.ParallelTestDemo2" name="verifyLogin" time="6.656"/>
</testsuite> <!-- Test1 -->
