<?xml version="1.0" encoding="UTF-8"?>
<!-- Generated by org.testng.reporters.JUnitXMLReporter -->
<testsuite ignored="0" hostname="DESKTOP-2P2K9S1" failures="1" tests="3" name="Test" time="2.991" errors="0" timestamp="2024-09-06T17:04:32 IST">
  <testcase classname="testngCodestudio.ListenerDemo" name="login" time="2.927"/>
  <testcase classname="testngCodestudio.ListenerDemo" name="testFail" time="0.009">
    <failure type="java.lang.AssertionError" message="expected [true] but found [false]">
      <![CDATA[java.lang.AssertionError: expected [true] but found [false]
at testngCodestudio.ListenerDemo.testFail(ListenerDemo.java:46)
at java.base/java.util.ArrayList.forEach(ArrayList.java:1597)
... Removed 29 stack frames]]>
    </failure>
  </testcase> <!-- testFail -->
  <testcase classname="testngCodestudio.ListenerDemo" name="testSkipped" time="0.001">
    <skipped/>
  </testcase> <!-- testSkipped -->
</testsuite> <!-- Test -->
